开始批量生成干员逻辑，共计 129 名干员
[1/129] 正在处理 AA00_乌尔比安...
  AA00_乌尔比安 生成成功！
[2/129] 正在处理 AA01_斯卡蒂...
  AA01_斯卡蒂 生成成功！
[3/129] 正在处理 AA05_歌蕾蒂娅...
  AA05_歌蕾蒂娅 生成成功！
[4/129] 正在处理 AM01_丰川祥子...
  AM01_丰川祥子 生成成功！
[5/129] 正在处理 AZ01_赫拉格...
  AZ01_赫拉格 生成成功！
[6/129] 正在处理 B003_凯尔希...
  B003_凯尔希 生成成功！
[7/129] 正在处理 B00W_维什戴尔...
  B00W_维什戴尔 生成成功！
[8/129] 正在处理 B214_W...
  B214_W 生成成功！
[9/129] 正在处理 B215_伊内丝...
  B215_伊内丝 生成成功！
[10/129] 正在处理 B216_赫德雷...
  B216_赫德雷 生成成功！
[11/129] 正在处理 BS30_涤火杰西卡...
  BS30_涤火杰西卡 生成成功！
[12/129] 正在处理 CB05_山...
  API调用失败，等待10秒后重试... (剩余重试次数: 2)
  CB05_山 生成成功！
[13/129] 正在处理 CB88_霍尔海雅...
  CB88_霍尔海雅 生成成功！
[14/129] 正在处理 CR01_浊心斯卡蒂...
  CR01_浊心斯卡蒂 生成成功！
[15/129] 正在处理 CR02_归溟幽灵鲨...
  API调用失败，等待10秒后重试... (剩余重试次数: 2)
  CR02_归溟幽灵鲨 生成成功！
[16/129] 正在处理 CT01_酒神...
  CT01_酒神 生成成功！
[17/129] 正在处理 DB01_死芒...
  DB01_死芒 生成成功！
[18/129] 正在处理 DB02_焰影苇草...
  DB02_焰影苇草 生成成功！
[19/129] 正在处理 DD02_玛露西尔...
  API调用失败，等待10秒后重试... (剩余重试次数: 2)
  API调用失败，等待10秒后重试... (剩余重试次数: 1)
  DD02_玛露西尔 处理失败！
[20/129] 正在处理 DWDB_魔王...
  API调用失败，等待10秒后重试... (剩余重试次数: 2)
  API调用失败，等待10秒后重试... (剩余重试次数: 1)
  DWDB_魔王 生成成功！
[21/129] 正在处理 FO01_闪灵...
  API调用失败，等待10秒后重试... (剩余重试次数: 2)
  API调用失败，等待10秒后重试... (剩余重试次数: 1)
  FO01_闪灵 处理失败！
[22/129] 正在处理 FO03_夜莺...
  API调用失败，等待10秒后重试... (剩余重试次数: 2)
  API调用失败，等待10秒后重试... (剩余重试次数: 1)
  FO03_夜莺 处理失败！
[23/129] 正在处理 GG01_推进之王...
  API调用失败，等待10秒后重试... (剩余重试次数: 2)
  API调用失败，等待10秒后重试... (剩余重试次数: 1)
  GG01_推进之王 处理失败！
[24/129] 正在处理 HK07_水月...
  API调用失败，等待10秒后重试... (剩余重试次数: 2)
  API调用失败，等待10秒后重试... (剩余重试次数: 1)
  HK07_水月 处理失败！
[25/129] 正在处理 HK13_嵯峨...
  API调用失败，等待10秒后重试... (剩余重试次数: 2)
  API调用失败，等待10秒后重试... (剩余重试次数: 1)
  HK13_嵯峨 处理失败！
[26/129] 正在处理 HK15_遥...
  API调用失败，等待10秒后重试... (剩余重试次数: 2)
  API调用失败，等待10秒后重试... (剩余重试次数: 1)
  HK15_遥 处理失败！
[27/129] 正在处理 II01_棘刺...
  API调用失败，等待10秒后重试... (剩余重试次数: 2)
  API调用失败，等待10秒后重试... (剩余重试次数: 1)
  II01_棘刺 处理失败！
[28/129] 正在处理 II02_引星棘刺...
  API调用失败，等待10秒后重试... (剩余重试次数: 2)
  API调用失败，等待10秒后重试... (剩余重试次数: 1)
  II02_引星棘刺 处理失败！
[29/129] 正在处理 II07_艾丽妮...
  API调用失败，等待10秒后重试... (剩余重试次数: 2)
  API调用失败，等待10秒后重试... (剩余重试次数: 1)
  II07_艾丽妮 处理失败！
[30/129] 正在处理 II09_流明...
  API调用失败，等待10秒后重试... (剩余重试次数: 2)
  API调用失败，等待10秒后重试... (剩余重试次数: 1)
  II09_流明 处理失败！

--- 断点续传重启批量生成，共计 129 名干员 ---
[1/129] AA00_乌尔比安 已经处理过，跳过。
[2/129] AA01_斯卡蒂 已经处理过，跳过。
[3/129] AA05_歌蕾蒂娅 已经处理过，跳过。
[4/129] AM01_丰川祥子 已经处理过，跳过。
[5/129] AZ01_赫拉格 已经处理过，跳过。
[6/129] B003_凯尔希 已经处理过，跳过。
[7/129] B00W_维什戴尔 已经处理过，跳过。
[8/129] B214_W 已经处理过，跳过。
[9/129] B215_伊内丝 已经处理过，跳过。
[10/129] B216_赫德雷 已经处理过，跳过。
[11/129] BS30_涤火杰西卡 已经处理过，跳过。
[12/129] CB05_山 已经处理过，跳过。
[13/129] CB88_霍尔海雅 已经处理过，跳过。
[14/129] CR01_浊心斯卡蒂 已经处理过，跳过。
[15/129] CR02_归溟幽灵鲨 已经处理过，跳过。
[16/129] CT01_酒神 已经处理过，跳过。
[17/129] DB01_死芒 已经处理过，跳过。
[18/129] DB02_焰影苇草 已经处理过，跳过。
[19/129] 正在处理 DD02_玛露西尔...
  DD02_玛露西尔 生成成功！
[20/129] DWDB_魔王 已经处理过，跳过。
[21/129] 正在处理 FO01_闪灵...
  FO01_闪灵 生成成功！
[22/129] 正在处理 FO03_夜莺...
  FO03_夜莺 生成成功！
[23/129] 正在处理 GG01_推进之王...
  GG01_推进之王 生成成功！
[24/129] 正在处理 HK07_水月...
  HK07_水月 生成成功！
[25/129] 正在处理 HK13_嵯峨...
  HK13_嵯峨 生成成功！
[26/129] 正在处理 HK15_遥...
  HK15_遥 生成成功！
[27/129] 正在处理 II01_棘刺...
  II01_棘刺 生成成功！
[28/129] 正在处理 II02_引星棘刺...
  II02_引星棘刺 生成成功！
[29/129] II07_艾丽妮 已经处理过，跳过。
[30/129] 正在处理 II09_流明...
  II09_流明 生成成功！
[31/129] 正在处理 JC02_灵知...
  JC02_灵知 生成成功！
[32/129] 正在处理 JC07_锏...
  JC07_锏 生成成功！
[33/129] 正在处理 KJ01_凛御银灰...
  KJ01_凛御银灰 生成成功！
[34/129] 正在处理 KJ02_圣聆初雪...
  KJ02_圣聆初雪 生成成功！
[35/129] 正在处理 KZ01_耀骑士临光...
  KZ01_耀骑士临光 生成成功！
[36/129] 正在处理 KZ08_玛恩纳...
  KZ08_玛恩纳 生成成功！
[37/129] 正在处理 KZ09_瑕光...
  KZ09_瑕光 生成成功！
[38/129] 正在处理 KZ11_焰尾...
  KZ11_焰尾 生成成功！
[39/129] 正在处理 KZ13_远牙...
  KZ13_远牙 生成成功！
[40/129] 正在处理 LM05_星熊...
  LM05_星熊 生成成功！
[41/129] 正在处理 LM18_老鲤...
  LM18_老鲤 生成成功！
[42/129] 正在处理 LM20_阿...
  LM20_阿 生成成功！
[43/129] 正在处理 LM21_林...
  LM21_林 生成成功！
[44/129] 正在处理 LM22_琳琅诗怀雅...
  LM22_琳琅诗怀雅 生成成功！
[45/129] 正在处理 LM23_斩业星熊...
  LM23_斩业星熊 生成成功！
[46/129] 正在处理 LN02_艾雅法拉...
  LN02_艾雅法拉 生成成功！
[47/129] 正在处理 LN04_卡涅利安...
  LN04_卡涅利安 生成成功！
[48/129] 正在处理 LN05_黑键...
  LN05_黑键 生成成功！
[49/129] 正在处理 LN07_止颂...
  LN07_止颂 生成成功！
[50/129] 正在处理 LN10_纯烬艾雅法拉...
  LN10_纯烬艾雅法拉 生成成功！
[51/129] 正在处理 LN11_薇薇安娜...
  LN11_薇薇安娜 生成成功！
[52/129] 正在处理 LT08_空弦...
  LT08_空弦 生成成功！
[53/129] 正在处理 LT11_菲亚梅塔...
  LT11_菲亚梅塔 生成成功！
[54/129] 正在处理 LT17_蕾缪安...
  LT17_蕾缪安 生成成功！
[55/129] 正在处理 LT22_塑心...
  LT22_塑心 生成成功！
[56/129] 正在处理 LT32_信仰搅拌机...
  LT32_信仰搅拌机 生成成功！
[57/129] 正在处理 LT40_圣约送葬人...
  LT40_圣约送葬人 生成成功！
[58/129] 正在处理 LT77_莫斯提马...
  LT77_莫斯提马 生成成功！
[59/129] 正在处理 MH02_麒麟R夜刀...
  MH02_麒麟R夜刀 生成成功！
[60/129] 正在处理 MH05_焰狐龙梓兰...
  MH05_焰狐龙梓兰 生成成功！
[61/129] 正在处理 MN04_帕拉斯...
  MN04_帕拉斯 生成成功！
[62/129] 正在处理 NM01_年...
  NM01_年 生成成功！
[63/129] 正在处理 NM02_夕...
  NM02_夕 生成成功！
[64/129] 正在处理 NM03_令...
  NM03_令 生成成功！
[65/129] 正在处理 NM04_重岳...
  NM04_重岳 生成成功！
[66/129] 正在处理 NM05_黍...
  NM05_黍 生成成功！
[67/129] 正在处理 NM06_余...
  NM06_余 生成成功！
[68/129] 正在处理 NM07_望...
  NM07_望 生成成功！
[69/129] 正在处理 PL03_能天使...
  PL03_能天使 生成成功！
[70/129] 正在处理 PL07_缄默德克萨斯...
  PL07_缄默德克萨斯 生成成功！
[71/129] 正在处理 PL08_新约能天使...
  PL08_新约能天使 生成成功！
[72/129] 正在处理 R002_凯尔希·思衡托...
  R002_凯尔希·思衡托 生成成功！
[73/129] 正在处理 R00A_可露希尔...
  R00A_可露希尔 生成成功！
[74/129] 正在处理 R109_傀影...
  R109_傀影 生成成功！
[75/129] 正在处理 R111_史尔特尔...
  R111_史尔特尔 生成成功！
[76/129] 正在处理 R112_假日威龙陈...
  R112_假日威龙陈 生成成功！
[77/129] 正在处理 R117_温蒂...
  R117_温蒂 生成成功！
[78/129] 正在处理 R145_鸿雪...
  R145_鸿雪 生成成功！
[79/129] 正在处理 R155_刻俄柏...
  R155_刻俄柏 生成成功！
[80/129] 正在处理 R159_泥岩...
  R159_泥岩 生成成功！
[81/129] 正在处理 R169_隐德来希...
  R169_隐德来希 生成成功！
[82/129] R172_铃兰 已经处理过，跳过。
[83/129] 正在处理 R182_妮芙...
  R182_妮芙 生成成功！
[84/129] 正在处理 R315_弑君者...
  R315_弑君者 生成成功！
[85/129] 正在处理 RB15_莱伊...
  RB15_莱伊 生成成功！
[86/129] 正在处理 RE03_逻各斯...
  RE03_逻各斯 生成成功！
[87/129] 正在处理 RE06_真言...
  RE06_真言 生成成功！
[88/129] 正在处理 RE10_电弧...
  RE10_电弧 生成成功！
[89/129] 正在处理 RE41_煌...
  RE41_煌 生成成功！
[90/129] 正在处理 RE45_迷迭香...
  RE45_迷迭香 生成成功！
[91/129] 正在处理 REX1_烛煌...
  REX1_烛煌 生成成功！
[92/129] 正在处理 RF22_百炼嘉维尔...
  RF22_百炼嘉维尔 生成成功！
[93/129] 正在处理 RL02_塞雷娅...
  RL02_塞雷娅 生成成功！
[94/129] 正在处理 RL03_伊芙利特...
  RL03_伊芙利特 生成成功！
[95/129] 正在处理 RL06_麦哲伦...
  RL06_麦哲伦 生成成功！
[96/129] 正在处理 RL07_多萝西...
  RL07_多萝西 生成成功！
[97/129] 正在处理 RL09_缪尔赛思...
  RL09_缪尔赛思 生成成功！
[98/129] 正在处理 RL10_淬羽赫默...
  RL10_淬羽赫默 生成成功！
[99/129] 正在处理 RL11_娜斯提...
  RL11_娜斯提 生成成功！
[100/129] 正在处理 RL12_溯光星源...
  RL12_溯光星源 生成成功！
[101/129] 正在处理 RS01_灰烬...
  RS01_灰烬 生成成功！
[102/129] 正在处理 RS05_艾拉...
  RS05_艾拉 生成成功！
[103/129] 正在处理 RV02_风笛...
  RV02_风笛 生成成功！
[104/129] 正在处理 SG03_森蚺...
  SG03_森蚺 生成成功！
[105/129] 正在处理 SG07_异客...
  SG07_异客 生成成功！
[106/129] 正在处理 SG14_佩佩...
  SG14_佩佩 生成成功！
[107/129] 正在处理 SG15_缇缇...
  SG15_缇缇 生成成功！
[108/129] 正在处理 SG17_娜仁图亚...
  SG17_娜仁图亚 生成成功！
[109/129] 正在处理 SI07_提丰...
  SI07_提丰 生成成功！
[110/129] 正在处理 SR02_安洁莉娜...
  SR02_安洁莉娜 生成成功！
[111/129] 正在处理 SR04_荒芜拉普兰德...
  SR04_荒芜拉普兰德 生成成功！
[112/129] 正在处理 SR35_斥罪...
  SR35_斥罪 生成成功！
[113/129] 正在处理 SR36_伺夜...
  SR36_伺夜 生成成功！
[114/129] 正在处理 SR40_忍冬...
  SR40_忍冬 生成成功！
[115/129] 正在处理 SR42_贝洛内...
  SR42_贝洛内 生成成功！
[116/129] 正在处理 SS02_黑...
  SS02_黑 生成成功！
[117/129] 正在处理 SW00_阿斯卡纶...
  SW00_阿斯卡纶 生成成功！
[118/129] 正在处理 US53_维伊...
  US53_维伊 生成成功！
[119/129] 正在处理 USS0_怒潮凛冬...
  USS0_怒潮凛冬 生成成功！
[120/129] 正在处理 USS4_早露...
  USS4_早露 生成成功！
[121/129] 正在处理 VC00_维娜·维多利亚...
  VC00_维娜·维多利亚 生成成功！
[122/129] 正在处理 VC09_澄闪...
  VC09_澄闪 生成成功！
[123/129] 正在处理 VC10_琴柳...
  VC10_琴柳 生成成功！
[124/129] 正在处理 VC16_号角...
  VC16_号角 生成成功！
[125/129] 正在处理 VC17_白铁...
  VC17_白铁 生成成功！
[126/129] 正在处理 YD06_左乐...
  YD06_左乐 生成成功！
[127/129] 正在处理 YD20_仇白...
  YD20_仇白 生成成功！
[128/129] 正在处理 YD25_司霆惊蛰...
  YD25_司霆惊蛰 生成成功！
[129/129] 正在处理 YD30_赤刃明霄陈...
  YD30_赤刃明霄陈 生成成功！
批量生成任务已全部完成！
